<?xml version="1.0" encoding="UTF-8"?>
<!-- Generated by org.testng.reporters.JUnitXMLReporter -->
<testsuite hostname="IN-LT-164197" ignored="0" name="Default test" tests="3" failures="0" timestamp="31 Aug 2020 14:33:24 GMT" time="71.172" errors="0">
  <testcase name="verifyDealsPageTitle" time="1.547" classname="com.qa.hubspot.test.DealsPageTest"/>
  <testcase name="verifyDealsPageHeader" time="9.36" classname="com.qa.hubspot.test.DealsPageTest"/>
  <testcase name="createDeals" time="12.639" classname="com.qa.hubspot.test.DealsPageTest"/>
</testsuite> <!-- Default test -->
