<?xml version="1.0" encoding="UTF-8"?>
<!-- Generated by org.testng.reporters.JUnitXMLReporter -->
<testsuite hostname="IN-LT-164197" ignored="0" name="Default test" tests="4" failures="0" timestamp="10 Oct 2020 15:13:18 GMT" time="33.854" errors="0">
  <testcase name="verifySignUpLinkTest" time="21.619" classname="com.qa.hubspot.test.LoginPageTest"/>
  <testcase name="verifyLoginPageTitleTest" time="0.097" classname="com.qa.hubspot.test.LoginPageTest"/>
  <testcase name="verifyPrivacyPolicyLinkTest" time="0.676" classname="com.qa.hubspot.test.LoginPageTest"/>
  <testcase name="verifyLoginPageTest" time="3.103" classname="com.qa.hubspot.test.LoginPageTest"/>
</testsuite> <!-- Default test -->
