<?xml version="1.0" encoding="UTF-8"?>
<!-- Generated by org.testng.reporters.JUnitXMLReporter -->
<testsuite hostname="IN-LT-164197" ignored="0" name="Login page Test" tests="4" failures="0" timestamp="25 Aug 2020 14:54:17 GMT" time="19.908" errors="0">
  <testcase name="verifySignUpLinkTest" time="8.353" classname="com.qa.hubspot.test.LoginPageTest"/>
  <testcase name="verifyLoginPageTitleTest" time="0.071" classname="com.qa.hubspot.test.LoginPageTest"/>
  <testcase name="verifyPrivacyPolicyLinkTest" time="1.0" classname="com.qa.hubspot.test.LoginPageTest"/>
  <testcase name="verifyLoginPageTest" time="2.79" classname="com.qa.hubspot.test.LoginPageTest"/>
</testsuite> <!-- Login page Test -->
