<?xml version="1.0" encoding="UTF-8"?>
<testng-results skipped="0" failed="0" ignored="0" total="4" passed="4">
  <reporter-output>
  </reporter-output>
  <suite name="Default suite" duration-ms="33854" started-at="2020-10-10T15:12:44Z" finished-at="2020-10-10T15:13:18Z">
    <groups>
    </groups>
    <test name="Default test" duration-ms="33854" started-at="2020-10-10T15:12:44Z" finished-at="2020-10-10T15:13:18Z">
      <class name="com.qa.hubspot.test.LoginPageTest">
        <test-method status="PASS" signature="setUp()[pri:0, instance:com.qa.hubspot.test.LoginPageTest@7219ec67]" name="setUp" is-config="true" duration-ms="6979" started-at="2020-10-10T15:12:44Z" finished-at="2020-10-10T15:12:51Z">
          <reporter-output>
          </reporter-output>
        </test-method> <!-- setUp -->
        <test-method status="PASS" signature="verifySignUpLinkTest()[pri:1, instance:com.qa.hubspot.test.LoginPageTest@7219ec67]" name="verifySignUpLinkTest" duration-ms="21619" started-at="2020-10-10T15:12:51Z" finished-at="2020-10-10T15:13:12Z">
          <reporter-output>
          </reporter-output>
        </test-method> <!-- verifySignUpLinkTest -->
        <test-method status="PASS" signature="verifyLoginPageTitleTest()[pri:2, instance:com.qa.hubspot.test.LoginPageTest@7219ec67]" name="verifyLoginPageTitleTest" duration-ms="97" started-at="2020-10-10T15:13:13Z" finished-at="2020-10-10T15:13:13Z">
          <reporter-output>
          </reporter-output>
        </test-method> <!-- verifyLoginPageTitleTest -->
        <test-method status="PASS" signature="verifyPrivacyPolicyLinkTest()[pri:3, instance:com.qa.hubspot.test.LoginPageTest@7219ec67]" name="verifyPrivacyPolicyLinkTest" duration-ms="676" started-at="2020-10-10T15:13:13Z" finished-at="2020-10-10T15:13:14Z">
          <reporter-output>
          </reporter-output>
        </test-method> <!-- verifyPrivacyPolicyLinkTest -->
        <test-method status="PASS" signature="verifyLoginPageTest()[pri:4, instance:com.qa.hubspot.test.LoginPageTest@7219ec67]" name="verifyLoginPageTest" duration-ms="3103" started-at="2020-10-10T15:13:14Z" finished-at="2020-10-10T15:13:17Z">
          <reporter-output>
          </reporter-output>
        </test-method> <!-- verifyLoginPageTest -->
        <test-method status="PASS" signature="tearDown()[pri:0, instance:com.qa.hubspot.test.LoginPageTest@7219ec67]" name="tearDown" is-config="true" duration-ms="895" started-at="2020-10-10T15:13:17Z" finished-at="2020-10-10T15:13:18Z">
          <reporter-output>
          </reporter-output>
        </test-method> <!-- tearDown -->
      </class> <!-- com.qa.hubspot.test.LoginPageTest -->
    </test> <!-- Default test -->
  </suite> <!-- Default suite -->
</testng-results>
